Flow report for Taxi_fares
Sun Feb 25 20:10:39 2024
Quartus II 64-Bit Version 13.0.1 Build 232 06/12/2013 Service Pack 1 SJ Full Version


---------------------
; Table of Contents ;
---------------------
  1. Legal Notice
  2. Flow Summary
  3. Flow Settings
  4. Flow Non-Default Global Settings
  5. Flow Elapsed Time
  6. Flow OS Summary
  7. Flow Log
  8. Flow Messages
  9. Flow Suppressed Messages



----------------
; Legal Notice ;
----------------
Copyright (C) 1991-2013 Altera Corporation
Your use of Altera Corporation's design tools, logic functions 
and other software and tools, and its AMPP partner logic 
functions, and any output files from any of the foregoing 
(including device programming or simulation files), and any 
associated documentation or information are expressly subject 
to the terms and conditions of the Altera Program License 
Subscription Agreement, Altera MegaCore Function License 
Agreement, or other applicable license agreement, including, 
without limitation, that your use is for the sole purpose of 
programming logic devices manufactured by Altera and sold by 
Altera or its authorized distributors.  Please refer to the 
applicable agreement for further details.



+---------------------------------------------------------------------------------------+
; Flow Summary                                                                          ;
+------------------------------------+--------------------------------------------------+
; Flow Status                        ; Successful - Sun Feb 25 20:10:39 2024            ;
; Quartus II 64-Bit Version          ; 13.0.1 Build 232 06/12/2013 SP 1 SJ Full Version ;
; Revision Name                      ; Taxi_fares                                       ;
; Top-level Entity Name              ; top_taxi_fares                                   ;
; Family                             ; Cyclone IV E                                     ;
; Device                             ; EP4CE10F17C8                                     ;
; Timing Models                      ; Final                                            ;
; Total logic elements               ; 385 / 10,320 ( 4 % )                             ;
;     Total combinational functions  ; 376 / 10,320 ( 4 % )                             ;
;     Dedicated logic registers      ; 240 / 10,320 ( 2 % )                             ;
; Total registers                    ; 240                                              ;
; Total pins                         ; 15 / 180 ( 8 % )                                 ;
; Total virtual pins                 ; 0                                                ;
; Total memory bits                  ; 0 / 423,936 ( 0 % )                              ;
; Embedded Multiplier 9-bit elements ; 0 / 46 ( 0 % )                                   ;
; Total PLLs                         ; 0 / 2 ( 0 % )                                    ;
+------------------------------------+--------------------------------------------------+


+-----------------------------------------+
; Flow Settings                           ;
+-------------------+---------------------+
; Option            ; Setting             ;
+-------------------+---------------------+
; Start date & time ; 02/25/2024 20:10:24 ;
; Main task         ; Compilation         ;
; Revision Name     ; Taxi_fares          ;
+-------------------+---------------------+


+------------------------------------------------------------------------------------------------------------------------+
; Flow Non-Default Global Settings                                                                                       ;
+-------------------------------------+--------------------------------+---------------+----------------+----------------+
; Assignment Name                     ; Value                          ; Default Value ; Entity Name    ; Section Id     ;
+-------------------------------------+--------------------------------+---------------+----------------+----------------+
; COMPILER_SIGNATURE_ID               ; 92384127963314.170886302411200 ; --            ; --             ; --             ;
; EDA_OUTPUT_DATA_FORMAT              ; Verilog Hdl                    ; --            ; --             ; eda_simulation ;
; EDA_SIMULATION_TOOL                 ; ModelSim (Verilog)             ; <None>        ; --             ; --             ;
; EDA_TIME_SCALE                      ; 1 ps                           ; --            ; --             ; eda_simulation ;
; MAX_CORE_JUNCTION_TEMP              ; 85                             ; --            ; --             ; --             ;
; MIN_CORE_JUNCTION_TEMP              ; 0                              ; --            ; --             ; --             ;
; NOMINAL_CORE_SUPPLY_VOLTAGE         ; 1.2V                           ; --            ; --             ; --             ;
; PARTITION_COLOR                     ; 16764057                       ; --            ; top_taxi_fares ; Top            ;
; PARTITION_FITTER_PRESERVATION_LEVEL ; PLACEMENT_AND_ROUTING          ; --            ; top_taxi_fares ; Top            ;
; PARTITION_NETLIST_TYPE              ; SOURCE                         ; --            ; top_taxi_fares ; Top            ;
; PROJECT_OUTPUT_DIRECTORY            ; output_files                   ; --            ; --             ; --             ;
; TOP_LEVEL_ENTITY                    ; top_taxi_fares                 ; Taxi_fares    ; --             ; --             ;
+-------------------------------------+--------------------------------+---------------+----------------+----------------+


+-------------------------------------------------------------------------------------------------------------------------------+
; Flow Elapsed Time                                                                                                             ;
+---------------------------+--------------+-------------------------+---------------------+------------------------------------+
; Module Name               ; Elapsed Time ; Average Processors Used ; Peak Virtual Memory ; Total CPU Time (on all processors) ;
+---------------------------+--------------+-------------------------+---------------------+------------------------------------+
; Analysis & Synthesis      ; 00:00:02     ; 1.0                     ; 4601 MB             ; 00:00:02                           ;
; Fitter                    ; 00:00:05     ; 1.6                     ; 5303 MB             ; 00:00:05                           ;
; Assembler                 ; 00:00:01     ; 1.0                     ; 4540 MB             ; 00:00:01                           ;
; TimeQuest Timing Analyzer ; 00:00:02     ; 1.0                     ; 4628 MB             ; 00:00:02                           ;
; EDA Netlist Writer        ; 00:00:01     ; 1.0                     ; 4514 MB             ; 00:00:01                           ;
; Total                     ; 00:00:11     ; --                      ; --                  ; 00:00:11                           ;
+---------------------------+--------------+-------------------------+---------------------+------------------------------------+


+----------------------------------------------------------------------------------------+
; Flow OS Summary                                                                        ;
+---------------------------+------------------+-----------+------------+----------------+
; Module Name               ; Machine Hostname ; OS Name   ; OS Version ; Processor type ;
+---------------------------+------------------+-----------+------------+----------------+
; Analysis & Synthesis      ; demo             ; Windows 7 ; 6.2        ; x86_64         ;
; Fitter                    ; demo             ; Windows 7 ; 6.2        ; x86_64         ;
; Assembler                 ; demo             ; Windows 7 ; 6.2        ; x86_64         ;
; TimeQuest Timing Analyzer ; demo             ; Windows 7 ; 6.2        ; x86_64         ;
; EDA Netlist Writer        ; demo             ; Windows 7 ; 6.2        ; x86_64         ;
+---------------------------+------------------+-----------+------------+----------------+


------------
; Flow Log ;
------------
quartus_map --read_settings_files=on --write_settings_files=off Taxi_fares -c Taxi_fares
quartus_fit --read_settings_files=off --write_settings_files=off Taxi_fares -c Taxi_fares
quartus_asm --read_settings_files=off --write_settings_files=off Taxi_fares -c Taxi_fares
quartus_sta Taxi_fares -c Taxi_fares
quartus_eda --read_settings_files=off --write_settings_files=off Taxi_fares -c Taxi_fares



