Analysis & Synthesis report for Taxi_fares
Sat Feb 24 22:59:06 2024
Quartus II 64-Bit Version 13.0.1 Build 232 06/12/2013 Service Pack 1 SJ Full Version


---------------------
; Table of Contents ;
---------------------
  1. Legal Notice
  2. Analysis & Synthesis Summary
  3. Analysis & Synthesis Settings
  4. Parallel Compilation
  5. Analysis & Synthesis Source Files Read
  6. Analysis & Synthesis Resource Usage Summary
  7. Analysis & Synthesis Resource Utilization by Entity
  8. Registers Removed During Synthesis
  9. General Register Statistics
 10. Inverted Register Statistics
 11. Multiplexer Restructuring Statistics (Restructuring Performed)
 12. Parameter Settings for User Entity Instance: key_filter:key_filter_inst1
 13. Parameter Settings for User Entity Instance: key_filter:key_filter_inst2
 14. Parameter Settings for User Entity Instance: Stepper_motors:Stepper_motors_inst
 15. Parameter Settings for User Entity Instance: price_cnt:price_cnt_inst
 16. Parameter Settings for User Entity Instance: seg_dynamic:seg_dynamic_inst
 17. Port Connectivity Checks: "seg_dynamic:seg_dynamic_inst"
 18. Port Connectivity Checks: "binary2bcd_216:binary2bcd_216_inst2"
 19. Port Connectivity Checks: "binary2bcd_216:binary2bcd_216_inst1"
 20. Elapsed Time Per Partition
 21. Analysis & Synthesis Messages
 22. Analysis & Synthesis Suppressed Messages



----------------
; Legal Notice ;
----------------
Copyright (C) 1991-2013 Altera Corporation
Your use of Altera Corporation's design tools, logic functions 
and other software and tools, and its AMPP partner logic 
functions, and any output files from any of the foregoing 
(including device programming or simulation files), and any 
associated documentation or information are expressly subject 
to the terms and conditions of the Altera Program License 
Subscription Agreement, Altera MegaCore Function License 
Agreement, or other applicable license agreement, including, 
without limitation, that your use is for the sole purpose of 
programming logic devices manufactured by Altera and sold by 
Altera or its authorized distributors.  Please refer to the 
applicable agreement for further details.



+---------------------------------------------------------------------------------------+
; Analysis & Synthesis Summary                                                          ;
+------------------------------------+--------------------------------------------------+
; Analysis & Synthesis Status        ; Successful - Sat Feb 24 22:59:06 2024            ;
; Quartus II 64-Bit Version          ; 13.0.1 Build 232 06/12/2013 SP 1 SJ Full Version ;
; Revision Name                      ; Taxi_fares                                       ;
; Top-level Entity Name              ; top_taxi_fares                                   ;
; Family                             ; Cyclone IV E                                     ;
; Total logic elements               ; 445                                              ;
;     Total combinational functions  ; 415                                              ;
;     Dedicated logic registers      ; 278                                              ;
; Total registers                    ; 278                                              ;
; Total pins                         ; 15                                               ;
; Total virtual pins                 ; 0                                                ;
; Total memory bits                  ; 0                                                ;
; Embedded Multiplier 9-bit elements ; 0                                                ;
; Total PLLs                         ; 0                                                ;
+------------------------------------+--------------------------------------------------+


+----------------------------------------------------------------------------------------------------------------------+
; Analysis & Synthesis Settings                                                                                        ;
+----------------------------------------------------------------------------+--------------------+--------------------+
; Option                                                                     ; Setting            ; Default Value      ;
+----------------------------------------------------------------------------+--------------------+--------------------+
; Device                                                                     ; EP4CE10F17C8       ;                    ;
; Top-level entity name                                                      ; top_taxi_fares     ; Taxi_fares         ;
; Family name                                                                ; Cyclone IV E       ; Cyclone IV GX      ;
; Use smart compilation                                                      ; Off                ; Off                ;
; Enable parallel Assembler and TimeQuest Timing Analyzer during compilation ; On                 ; On                 ;
; Enable compact report table                                                ; Off                ; Off                ;
; Restructure Multiplexers                                                   ; Auto               ; Auto               ;
; Create Debugging Nodes for IP Cores                                        ; Off                ; Off                ;
; Preserve fewer node names                                                  ; On                 ; On                 ;
; Disable OpenCore Plus hardware evaluation                                  ; Off                ; Off                ;
; Verilog Version                                                            ; Verilog_2001       ; Verilog_2001       ;
; VHDL Version                                                               ; VHDL_1993          ; VHDL_1993          ;
; State Machine Processing                                                   ; Auto               ; Auto               ;
; Safe State Machine                                                         ; Off                ; Off                ;
; Extract Verilog State Machines                                             ; On                 ; On                 ;
; Extract VHDL State Machines                                                ; On                 ; On                 ;
; Ignore Verilog initial constructs                                          ; Off                ; Off                ;
; Iteration limit for constant Verilog loops                                 ; 5000               ; 5000               ;
; Iteration limit for non-constant Verilog loops                             ; 250                ; 250                ;
; Add Pass-Through Logic to Inferred RAMs                                    ; On                 ; On                 ;
; Infer RAMs from Raw Logic                                                  ; On                 ; On                 ;
; Parallel Synthesis                                                         ; On                 ; On                 ;
; DSP Block Balancing                                                        ; Auto               ; Auto               ;
; NOT Gate Push-Back                                                         ; On                 ; On                 ;
; Power-Up Don't Care                                                        ; On                 ; On                 ;
; Remove Redundant Logic Cells                                               ; Off                ; Off                ;
; Remove Duplicate Registers                                                 ; On                 ; On                 ;
; Ignore CARRY Buffers                                                       ; Off                ; Off                ;
; Ignore CASCADE Buffers                                                     ; Off                ; Off                ;
; Ignore GLOBAL Buffers                                                      ; Off                ; Off                ;
; Ignore ROW GLOBAL Buffers                                                  ; Off                ; Off                ;
; Ignore LCELL Buffers                                                       ; Off                ; Off                ;
; Ignore SOFT Buffers                                                        ; On                 ; On                 ;
; Limit AHDL Integers to 32 Bits                                             ; Off                ; Off                ;
; Optimization Technique                                                     ; Balanced           ; Balanced           ;
; Carry Chain Length                                                         ; 70                 ; 70                 ;
; Auto Carry Chains                                                          ; On                 ; On                 ;
; Auto Open-Drain Pins                                                       ; On                 ; On                 ;
; Perform WYSIWYG Primitive Resynthesis                                      ; Off                ; Off                ;
; Auto ROM Replacement                                                       ; On                 ; On                 ;
; Auto RAM Replacement                                                       ; On                 ; On                 ;
; Auto DSP Block Replacement                                                 ; On                 ; On                 ;
; Auto Shift Register Replacement                                            ; Auto               ; Auto               ;
; Allow Shift Register Merging across Hierarchies                            ; Auto               ; Auto               ;
; Auto Clock Enable Replacement                                              ; On                 ; On                 ;
; Strict RAM Replacement                                                     ; Off                ; Off                ;
; Allow Synchronous Control Signals                                          ; On                 ; On                 ;
; Force Use of Synchronous Clear Signals                                     ; Off                ; Off                ;
; Auto RAM Block Balancing                                                   ; On                 ; On                 ;
; Auto RAM to Logic Cell Conversion                                          ; Off                ; Off                ;
; Auto Resource Sharing                                                      ; Off                ; Off                ;
; Allow Any RAM Size For Recognition                                         ; Off                ; Off                ;
; Allow Any ROM Size For Recognition                                         ; Off                ; Off                ;
; Allow Any Shift Register Size For Recognition                              ; Off                ; Off                ;
; Use LogicLock Constraints during Resource Balancing                        ; On                 ; On                 ;
; Ignore translate_off and synthesis_off directives                          ; Off                ; Off                ;
; Timing-Driven Synthesis                                                    ; On                 ; On                 ;
; Report Parameter Settings                                                  ; On                 ; On                 ;
; Report Source Assignments                                                  ; On                 ; On                 ;
; Report Connectivity Checks                                                 ; On                 ; On                 ;
; Ignore Maximum Fan-Out Assignments                                         ; Off                ; Off                ;
; Synchronization Register Chain Length                                      ; 2                  ; 2                  ;
; PowerPlay Power Optimization                                               ; Normal compilation ; Normal compilation ;
; HDL message level                                                          ; Level2             ; Level2             ;
; Suppress Register Optimization Related Messages                            ; Off                ; Off                ;
; Number of Removed Registers Reported in Synthesis Report                   ; 5000               ; 5000               ;
; Number of Swept Nodes Reported in Synthesis Report                         ; 5000               ; 5000               ;
; Number of Inverted Registers Reported in Synthesis Report                  ; 100                ; 100                ;
; Clock MUX Protection                                                       ; On                 ; On                 ;
; Auto Gated Clock Conversion                                                ; Off                ; Off                ;
; Block Design Naming                                                        ; Auto               ; Auto               ;
; SDC constraint protection                                                  ; Off                ; Off                ;
; Synthesis Effort                                                           ; Auto               ; Auto               ;
; Shift Register Replacement - Allow Asynchronous Clear Signal               ; On                 ; On                 ;
; Pre-Mapping Resynthesis Optimization                                       ; Off                ; Off                ;
; Analysis & Synthesis Message Level                                         ; Medium             ; Medium             ;
; Disable Register Merging Across Hierarchies                                ; Auto               ; Auto               ;
; Resource Aware Inference For Block RAM                                     ; On                 ; On                 ;
; Synthesis Seed                                                             ; 1                  ; 1                  ;
+----------------------------------------------------------------------------+--------------------+--------------------+


+------------------------------------------+
; Parallel Compilation                     ;
+----------------------------+-------------+
; Processors                 ; Number      ;
+----------------------------+-------------+
; Number detected on machine ; 8           ;
; Maximum allowed            ; 4           ;
;                            ;             ;
; Average used               ; 1.00        ;
; Maximum used               ; 1           ;
;                            ;             ;
; Usage by Processor         ; % Time Used ;
;     Processor 1            ; 100.0%      ;
;     Processors 2-8         ;   0.0%      ;
+----------------------------+-------------+


+------------------------------------------------------------------------------------------------------------------------------------------------+
; Analysis & Synthesis Source Files Read                                                                                                         ;
+----------------------------------+-----------------+------------------------+--------------------------------------------------------+---------+
; File Name with User-Entered Path ; Used in Netlist ; File Type              ; File Name with Absolute Path                           ; Library ;
+----------------------------------+-----------------+------------------------+--------------------------------------------------------+---------+
; ../rtl/top_taxi_fares.v          ; yes             ; User Verilog HDL File  ; E:/FPGA/altera/All_Prj/Taxi_fares/rtl/top_taxi_fares.v ;         ;
; ../rtl/Stepper_motors.v          ; yes             ; User Verilog HDL File  ; E:/FPGA/altera/All_Prj/Taxi_fares/rtl/Stepper_motors.v ;         ;
; ../rtl/seg_dynamic.v             ; yes             ; User Verilog HDL File  ; E:/FPGA/altera/All_Prj/Taxi_fares/rtl/seg_dynamic.v    ;         ;
; ../rtl/price_cnt.v               ; yes             ; User Verilog HDL File  ; E:/FPGA/altera/All_Prj/Taxi_fares/rtl/price_cnt.v      ;         ;
; ../rtl/key_filter.v              ; yes             ; User Verilog HDL File  ; E:/FPGA/altera/All_Prj/Taxi_fares/rtl/key_filter.v     ;         ;
; ../rtl/hc595_ctrl.v              ; yes             ; User Verilog HDL File  ; E:/FPGA/altera/All_Prj/Taxi_fares/rtl/hc595_ctrl.v     ;         ;
; ../rtl/distance_cnt.v            ; yes             ; User Verilog HDL File  ; E:/FPGA/altera/All_Prj/Taxi_fares/rtl/distance_cnt.v   ;         ;
; ../rtl/binary2bcd_216.v          ; yes             ; User Verilog HDL File  ; E:/FPGA/altera/All_Prj/Taxi_fares/rtl/binary2bcd_216.v ;         ;
+----------------------------------+-----------------+------------------------+--------------------------------------------------------+---------+


+---------------------------------------------------------------+
; Analysis & Synthesis Resource Usage Summary                   ;
+---------------------------------------------+-----------------+
; Resource                                    ; Usage           ;
+---------------------------------------------+-----------------+
; Estimated Total logic elements              ; 445             ;
;                                             ;                 ;
; Total combinational functions               ; 415             ;
; Logic element usage by number of LUT inputs ;                 ;
;     -- 4 input functions                    ; 219             ;
;     -- 3 input functions                    ; 31              ;
;     -- <=2 input functions                  ; 165             ;
;                                             ;                 ;
; Logic elements by mode                      ;                 ;
;     -- normal mode                          ; 277             ;
;     -- arithmetic mode                      ; 138             ;
;                                             ;                 ;
; Total registers                             ; 278             ;
;     -- Dedicated logic registers            ; 278             ;
;     -- I/O registers                        ; 0               ;
;                                             ;                 ;
; I/O pins                                    ; 15              ;
; Embedded Multiplier 9-bit elements          ; 0               ;
; Maximum fan-out node                        ; sys_rst_n~input ;
; Maximum fan-out                             ; 279             ;
; Total fan-out                               ; 2344            ;
; Average fan-out                             ; 3.24            ;
+---------------------------------------------+-----------------+


+---------------------------------------------------------------------------------------------------------------------------------------------------------------------------------------------------------------------------+
; Analysis & Synthesis Resource Utilization by Entity                                                                                                                                                                       ;
+------------------------------------------+-------------------+--------------+-------------+--------------+---------+-----------+------+--------------+-----------------------------------------------------+--------------+
; Compilation Hierarchy Node               ; LC Combinationals ; LC Registers ; Memory Bits ; DSP Elements ; DSP 9x9 ; DSP 18x18 ; Pins ; Virtual Pins ; Full Hierarchy Name                                 ; Library Name ;
+------------------------------------------+-------------------+--------------+-------------+--------------+---------+-----------+------+--------------+-----------------------------------------------------+--------------+
; |top_taxi_fares                          ; 415 (0)           ; 278 (0)      ; 0           ; 0            ; 0       ; 0         ; 15   ; 0            ; |top_taxi_fares                                     ; work         ;
;    |Stepper_motors:Stepper_motors_inst|  ; 58 (58)           ; 27 (27)      ; 0           ; 0            ; 0       ; 0         ; 0    ; 0            ; |top_taxi_fares|Stepper_motors:Stepper_motors_inst  ; work         ;
;    |binary2bcd_216:binary2bcd_216_inst1| ; 55 (55)           ; 49 (49)      ; 0           ; 0            ; 0       ; 0         ; 0    ; 0            ; |top_taxi_fares|binary2bcd_216:binary2bcd_216_inst1 ; work         ;
;    |binary2bcd_216:binary2bcd_216_inst2| ; 54 (54)           ; 43 (43)      ; 0           ; 0            ; 0       ; 0         ; 0    ; 0            ; |top_taxi_fares|binary2bcd_216:binary2bcd_216_inst2 ; work         ;
;    |distance_cnt:distance_cnt_inst|      ; 20 (20)           ; 20 (20)      ; 0           ; 0            ; 0       ; 0         ; 0    ; 0            ; |top_taxi_fares|distance_cnt:distance_cnt_inst      ; work         ;
;    |hc595_ctrl:hc595_ctrl_inst|          ; 20 (20)           ; 9 (9)        ; 0           ; 0            ; 0       ; 0         ; 0    ; 0            ; |top_taxi_fares|hc595_ctrl:hc595_ctrl_inst          ; work         ;
;    |key_filter:key_filter_inst1|         ; 28 (28)           ; 21 (21)      ; 0           ; 0            ; 0       ; 0         ; 0    ; 0            ; |top_taxi_fares|key_filter:key_filter_inst1         ; work         ;
;    |key_filter:key_filter_inst2|         ; 28 (28)           ; 21 (21)      ; 0           ; 0            ; 0       ; 0         ; 0    ; 0            ; |top_taxi_fares|key_filter:key_filter_inst2         ; work         ;
;    |price_cnt:price_cnt_inst|            ; 90 (90)           ; 46 (46)      ; 0           ; 0            ; 0       ; 0         ; 0    ; 0            ; |top_taxi_fares|price_cnt:price_cnt_inst            ; work         ;
;    |seg_dynamic:seg_dynamic_inst|        ; 62 (62)           ; 42 (42)      ; 0           ; 0            ; 0       ; 0         ; 0    ; 0            ; |top_taxi_fares|seg_dynamic:seg_dynamic_inst        ; work         ;
+------------------------------------------+-------------------+--------------+-------------+--------------+---------+-----------+------+--------------+-----------------------------------------------------+--------------+
Note: For table entries with two numbers listed, the numbers in parentheses indicate the number of resources of the given type used by the specific entity alone. The numbers listed outside of parentheses indicate the total resources of the given type used by the specific entity and all of its sub-entities in the hierarchy.


+---------------------------------------------------------------------------------------------------------------+
; Registers Removed During Synthesis                                                                            ;
+-------------------------------------------------+-------------------------------------------------------------+
; Register name                                   ; Reason for Removal                                          ;
+-------------------------------------------------+-------------------------------------------------------------+
; binary2bcd_216:binary2bcd_216_inst1|shift_flag  ; Merged with binary2bcd_216:binary2bcd_216_inst2|shift_flag  ;
; binary2bcd_216:binary2bcd_216_inst2|cnt_flag[4] ; Merged with binary2bcd_216:binary2bcd_216_inst1|cnt_flag[4] ;
; binary2bcd_216:binary2bcd_216_inst2|cnt_flag[3] ; Merged with binary2bcd_216:binary2bcd_216_inst1|cnt_flag[3] ;
; binary2bcd_216:binary2bcd_216_inst2|cnt_flag[2] ; Merged with binary2bcd_216:binary2bcd_216_inst1|cnt_flag[2] ;
; binary2bcd_216:binary2bcd_216_inst2|cnt_flag[1] ; Merged with binary2bcd_216:binary2bcd_216_inst1|cnt_flag[1] ;
; binary2bcd_216:binary2bcd_216_inst2|cnt_flag[0] ; Merged with binary2bcd_216:binary2bcd_216_inst1|cnt_flag[0] ;
; seg_dynamic:seg_dynamic_inst|dot_disp           ; Stuck at VCC due to stuck port data_in                      ;
; binary2bcd_216:binary2bcd_216_inst2|shift_flag  ; Merged with hc595_ctrl:hc595_ctrl_inst|cnt[0]               ;
; price_cnt:price_cnt_inst|price[0]               ; Merged with distance_cnt:distance_cnt_inst|distance[0]      ;
; binary2bcd_216:binary2bcd_216_inst2|data[0]     ; Merged with binary2bcd_216:binary2bcd_216_inst1|data[0]     ;
; seg_dynamic:seg_dynamic_inst|cnt_1ms[0]         ; Merged with hc595_ctrl:hc595_ctrl_inst|cnt[0]               ;
; seg_dynamic:seg_dynamic_inst|cnt_1ms[1]         ; Merged with hc595_ctrl:hc595_ctrl_inst|cnt[1]               ;
; Total Number of Removed Registers = 12          ;                                                             ;
+-------------------------------------------------+-------------------------------------------------------------+


+------------------------------------------------------+
; General Register Statistics                          ;
+----------------------------------------------+-------+
; Statistic                                    ; Value ;
+----------------------------------------------+-------+
; Total registers                              ; 278   ;
; Number of registers using Synchronous Clear  ; 40    ;
; Number of registers using Synchronous Load   ; 0     ;
; Number of registers using Asynchronous Clear ; 274   ;
; Number of registers using Asynchronous Load  ; 0     ;
; Number of registers using Clock Enable       ; 162   ;
; Number of registers using Preset             ; 0     ;
+----------------------------------------------+-------+


+---------------------------------------------------+
; Inverted Register Statistics                      ;
+-----------------------------------------+---------+
; Inverted Register                       ; Fan out ;
+-----------------------------------------+---------+
; seg_dynamic:seg_dynamic_inst|sel_reg[0] ; 3       ;
; Total number of inverted registers = 1  ;         ;
+-----------------------------------------+---------+


+------------------------------------------------------------------------------------------------------------------------------------------------------------------------------+
; Multiplexer Restructuring Statistics (Restructuring Performed)                                                                                                               ;
+--------------------+-----------+---------------+----------------------+------------------------+------------+----------------------------------------------------------------+
; Multiplexer Inputs ; Bus Width ; Baseline Area ; Area if Restructured ; Saving if Restructured ; Registered ; Example Multiplexer Output                                     ;
+--------------------+-----------+---------------+----------------------+------------------------+------------+----------------------------------------------------------------+
; 3:1                ; 4 bits    ; 8 LEs         ; 4 LEs                ; 4 LEs                  ; Yes        ; |top_taxi_fares|hc595_ctrl:hc595_ctrl_inst|cnt_num[3]          ;
; 3:1                ; 20 bits   ; 40 LEs        ; 20 LEs               ; 20 LEs                 ; Yes        ; |top_taxi_fares|key_filter:key_filter_inst1|cnt_20ms[0]        ;
; 3:1                ; 20 bits   ; 40 LEs        ; 20 LEs               ; 20 LEs                 ; Yes        ; |top_taxi_fares|key_filter:key_filter_inst2|cnt_20ms[14]       ;
; 3:1                ; 5 bits    ; 10 LEs        ; 5 LEs                ; 5 LEs                  ; Yes        ; |top_taxi_fares|seg_dynamic:seg_dynamic_inst|sel_reg[4]        ;
; 3:1                ; 20 bits   ; 40 LEs        ; 20 LEs               ; 20 LEs                 ; Yes        ; |top_taxi_fares|Stepper_motors:Stepper_motors_inst|cnt_20ms[4] ;
; 3:1                ; 38 bits   ; 76 LEs        ; 38 LEs               ; 38 LEs                 ; Yes        ; |top_taxi_fares|binary2bcd_216:binary2bcd_216_inst2|data[19]   ;
; 3:1                ; 27 bits   ; 54 LEs        ; 27 LEs               ; 27 LEs                 ; Yes        ; |top_taxi_fares|price_cnt:price_cnt_inst|cnt_2s[14]            ;
; 3:1                ; 19 bits   ; 38 LEs        ; 0 LEs                ; 38 LEs                 ; Yes        ; |top_taxi_fares|price_cnt:price_cnt_inst|price[18]             ;
; 8:1                ; 4 bits    ; 20 LEs        ; 16 LEs               ; 4 LEs                  ; Yes        ; |top_taxi_fares|seg_dynamic:seg_dynamic_inst|data_disp[3]      ;
; 5:1                ; 4 bits    ; 12 LEs        ; 8 LEs                ; 4 LEs                  ; Yes        ; |top_taxi_fares|binary2bcd_216:binary2bcd_216_inst2|data[23]   ;
; 5:1                ; 4 bits    ; 12 LEs        ; 8 LEs                ; 4 LEs                  ; Yes        ; |top_taxi_fares|binary2bcd_216:binary2bcd_216_inst2|data[26]   ;
; 5:1                ; 4 bits    ; 12 LEs        ; 8 LEs                ; 4 LEs                  ; Yes        ; |top_taxi_fares|binary2bcd_216:binary2bcd_216_inst2|data[30]   ;
; 5:1                ; 4 bits    ; 12 LEs        ; 8 LEs                ; 4 LEs                  ; Yes        ; |top_taxi_fares|binary2bcd_216:binary2bcd_216_inst1|data[22]   ;
; 5:1                ; 4 bits    ; 12 LEs        ; 8 LEs                ; 4 LEs                  ; Yes        ; |top_taxi_fares|binary2bcd_216:binary2bcd_216_inst1|data[27]   ;
; 5:1                ; 4 bits    ; 12 LEs        ; 8 LEs                ; 4 LEs                  ; Yes        ; |top_taxi_fares|binary2bcd_216:binary2bcd_216_inst1|data[29]   ;
+--------------------+-----------+---------------+----------------------+------------------------+------------+----------------------------------------------------------------+


+--------------------------------------------------------------------------+
; Parameter Settings for User Entity Instance: key_filter:key_filter_inst1 ;
+----------------+----------------------+----------------------------------+
; Parameter Name ; Value                ; Type                             ;
+----------------+----------------------+----------------------------------+
; CNT_MAX        ; 01100001101001111111 ; Unsigned Binary                  ;
+----------------+----------------------+----------------------------------+
Note: In order to hide this table in the UI and the text report file, please set the "Show Parameter Settings in Synthesis Report" option in "Analysis and Synthesis Settings -> More Settings" to "Off".


+--------------------------------------------------------------------------+
; Parameter Settings for User Entity Instance: key_filter:key_filter_inst2 ;
+----------------+----------------------+----------------------------------+
; Parameter Name ; Value                ; Type                             ;
+----------------+----------------------+----------------------------------+
; CNT_MAX        ; 01100001101001111111 ; Unsigned Binary                  ;
+----------------+----------------------+----------------------------------+
Note: In order to hide this table in the UI and the text report file, please set the "Show Parameter Settings in Synthesis Report" option in "Analysis and Synthesis Settings -> More Settings" to "Off".


+---------------------------------------------------------------------------------+
; Parameter Settings for User Entity Instance: Stepper_motors:Stepper_motors_inst ;
+----------------+----------------------+-----------------------------------------+
; Parameter Name ; Value                ; Type                                    ;
+----------------+----------------------+-----------------------------------------+
; CNT_MAX        ; 01100001101001111111 ; Unsigned Binary                         ;
+----------------+----------------------+-----------------------------------------+
Note: In order to hide this table in the UI and the text report file, please set the "Show Parameter Settings in Synthesis Report" option in "Analysis and Synthesis Settings -> More Settings" to "Off".


+-----------------------------------------------------------------------+
; Parameter Settings for User Entity Instance: price_cnt:price_cnt_inst ;
+----------------+-----------------------------+------------------------+
; Parameter Name ; Value                       ; Type                   ;
+----------------+-----------------------------+------------------------+
; CNT_2S         ; 100000010111110010000000000 ; Unsigned Binary        ;
+----------------+-----------------------------+------------------------+
Note: In order to hide this table in the UI and the text report file, please set the "Show Parameter Settings in Synthesis Report" option in "Analysis and Synthesis Settings -> More Settings" to "Off".


+---------------------------------------------------------------------------+
; Parameter Settings for User Entity Instance: seg_dynamic:seg_dynamic_inst ;
+----------------+------------------+---------------------------------------+
; Parameter Name ; Value            ; Type                                  ;
+----------------+------------------+---------------------------------------+
; cnt_max        ; 1100001101001111 ; Unsigned Binary                       ;
+----------------+------------------+---------------------------------------+
Note: In order to hide this table in the UI and the text report file, please set the "Show Parameter Settings in Synthesis Report" option in "Analysis and Synthesis Settings -> More Settings" to "Off".


+----------------------------------------------------------+
; Port Connectivity Checks: "seg_dynamic:seg_dynamic_inst" ;
+--------+-------+----------+------------------------------+
; Port   ; Type  ; Severity ; Details                      ;
+--------+-------+----------+------------------------------+
; point  ; Input ; Info     ; Stuck at GND                 ;
; seg_on ; Input ; Info     ; Stuck at VCC                 ;
+--------+-------+----------+------------------------------+


+----------------------------------------------------------------------------------------------------------------+
; Port Connectivity Checks: "binary2bcd_216:binary2bcd_216_inst2"                                                ;
+------+--------+----------+-------------------------------------------------------------------------------------+
; Port ; Type   ; Severity ; Details                                                                             ;
+------+--------+----------+-------------------------------------------------------------------------------------+
; tho  ; Output ; Info     ; Connected to dangling logic. Logic that only feeds a dangling port will be removed. ;
+------+--------+----------+-------------------------------------------------------------------------------------+


+-----------------------------------------------------------------------------------------------------------------+
; Port Connectivity Checks: "binary2bcd_216:binary2bcd_216_inst1"                                                 ;
+-------+--------+----------+-------------------------------------------------------------------------------------+
; Port  ; Type   ; Severity ; Details                                                                             ;
+-------+--------+----------+-------------------------------------------------------------------------------------+
; tho   ; Output ; Info     ; Connected to dangling logic. Logic that only feeds a dangling port will be removed. ;
; t_tho ; Output ; Info     ; Connected to dangling logic. Logic that only feeds a dangling port will be removed. ;
; h_tho ; Output ; Info     ; Connected to dangling logic. Logic that only feeds a dangling port will be removed. ;
+-------+--------+----------+-------------------------------------------------------------------------------------+


+-------------------------------+
; Elapsed Time Per Partition    ;
+----------------+--------------+
; Partition Name ; Elapsed Time ;
+----------------+--------------+
; Top            ; 00:00:00     ;
+----------------+--------------+


+-------------------------------+
; Analysis & Synthesis Messages ;
+-------------------------------+
Info: *******************************************************************
Info: Running Quartus II 64-Bit Analysis & Synthesis
    Info: Version 13.0.1 Build 232 06/12/2013 Service Pack 1 SJ Full Version
    Info: Processing started: Sat Feb 24 22:59:04 2024
Info: Command: quartus_map --read_settings_files=on --write_settings_files=off Taxi_fares -c Taxi_fares
Info (11104): Parallel Compilation has detected 8 hyper-threaded processors. However, the extra hyper-threaded processors will not be used by default. Parallel Compilation will use 4 of the 4 physical processors detected instead.
Warning (10229): Verilog HDL Expression warning at top_taxi_fares.v(88): truncated literal to match 27 bits
Info (12021): Found 1 design units, including 1 entities, in source file /fpga/altera/all_prj/taxi_fares/rtl/top_taxi_fares.v
    Info (12023): Found entity 1: top_taxi_fares
Info (12021): Found 1 design units, including 1 entities, in source file /fpga/altera/all_prj/taxi_fares/rtl/stepper_motors.v
    Info (12023): Found entity 1: Stepper_motors
Info (12021): Found 1 design units, including 1 entities, in source file /fpga/altera/all_prj/taxi_fares/rtl/seg_dynamic.v
    Info (12023): Found entity 1: seg_dynamic
Warning (10229): Verilog HDL Expression warning at price_cnt.v(3): truncated literal to match 27 bits
Info (12021): Found 1 design units, including 1 entities, in source file /fpga/altera/all_prj/taxi_fares/rtl/price_cnt.v
    Info (12023): Found entity 1: price_cnt
Info (12021): Found 1 design units, including 1 entities, in source file /fpga/altera/all_prj/taxi_fares/rtl/key_filter.v
    Info (12023): Found entity 1: key_filter
Info (12021): Found 1 design units, including 1 entities, in source file /fpga/altera/all_prj/taxi_fares/rtl/hc595_ctrl.v
    Info (12023): Found entity 1: hc595_ctrl
Info (12021): Found 1 design units, including 1 entities, in source file /fpga/altera/all_prj/taxi_fares/rtl/distance_cnt.v
    Info (12023): Found entity 1: distance_cnt
Info (12021): Found 1 design units, including 1 entities, in source file /fpga/altera/all_prj/taxi_fares/rtl/binary2bcd_216.v
    Info (12023): Found entity 1: binary2bcd_216
Warning (10222): Verilog HDL Parameter Declaration warning at seg_dynamic.v(27): Parameter Declaration in module "seg_dynamic" behaves as a Local Parameter Declaration because the module has a Module Parameter Port List
Info (12127): Elaborating entity "top_taxi_fares" for the top level hierarchy
Info (12128): Elaborating entity "key_filter" for hierarchy "key_filter:key_filter_inst1"
Info (12128): Elaborating entity "Stepper_motors" for hierarchy "Stepper_motors:Stepper_motors_inst"
Info (12128): Elaborating entity "distance_cnt" for hierarchy "distance_cnt:distance_cnt_inst"
Info (12128): Elaborating entity "price_cnt" for hierarchy "price_cnt:price_cnt_inst"
Info (12128): Elaborating entity "binary2bcd_216" for hierarchy "binary2bcd_216:binary2bcd_216_inst1"
Info (12128): Elaborating entity "seg_dynamic" for hierarchy "seg_dynamic:seg_dynamic_inst"
Warning (10230): Verilog HDL assignment warning at seg_dynamic.v(38): truncated value with size 8 to match size of target (7)
Info (12128): Elaborating entity "hc595_ctrl" for hierarchy "hc595_ctrl:hc595_ctrl_inst"
Info (13000): Registers with preset signals will power-up high
Info (13003): DEV_CLRn pin will set, and not reset, register with preset signal due to NOT Gate Push-Back
Info (286030): Timing-Driven Synthesis is running
Info (144001): Generated suppressed messages file E:/FPGA/altera/All_Prj/Taxi_fares/quartus_prj/output_files/Taxi_fares.map.smsg
Info (16010): Generating hard_block partition "hard_block:auto_generated_inst"
    Info (16011): Adding 0 node(s), including 0 DDIO, 0 PLL, 0 transceiver and 0 LCELL
Info (21057): Implemented 461 device resources after synthesis - the final resource count might be different
    Info (21058): Implemented 5 input pins
    Info (21059): Implemented 10 output pins
    Info (21061): Implemented 446 logic cells
Info: Quartus II 64-Bit Analysis & Synthesis was successful. 0 errors, 4 warnings
    Info: Peak virtual memory: 4600 megabytes
    Info: Processing ended: Sat Feb 24 22:59:06 2024
    Info: Elapsed time: 00:00:02
    Info: Total CPU time (on all processors): 00:00:02


+------------------------------------------+
; Analysis & Synthesis Suppressed Messages ;
+------------------------------------------+
The suppressed messages can be found in E:/FPGA/altera/All_Prj/Taxi_fares/quartus_prj/output_files/Taxi_fares.map.smsg.


